Vivado Simulator 2019.1
Copyright 1986-1999, 2001-2019 Xilinx, Inc. All Rights Reserved.
Running: C:/Xilinx/Vivado/2019.1/bin/unwrapped/win64.o/xelab.exe -wto 3187334876f94aed840dfe80b96e32f5 --incr --debug typical --relax --mt 2 -L xil_defaultlib -L unisims_ver -L unimacro_ver -L secureip --snapshot topProTb_behav xil_defaultlib.topProTb xil_defaultlib.glbl -log elaborate.log 
Using 2 slave threads.
Starting static elaboration
WARNING: [VRFC 10-3091] actual bit length 1 differs from formal bit length 16 for port 'data_out_iref' [E:/Acedemic/sem 5/fpga project/Processor_Design_Project/Processor_Vivado/Contributors/Shamal/GenPurReg/GenPurReg.srcs/sources_1/new/topProcessor.v:64]
WARNING: [VRFC 10-3091] actual bit length 1 differs from formal bit length 16 for port 'X_Ref' [E:/Acedemic/sem 5/fpga project/Processor_Design_Project/Processor_Vivado/Contributors/Shamal/GenPurReg/GenPurReg.srcs/sources_1/new/topProcessor.v:78]
WARNING: [VRFC 10-3091] actual bit length 3 differs from formal bit length 4 for port 'op_code' [E:/Acedemic/sem 5/fpga project/Processor_Design_Project/Processor_Vivado/Contributors/Shamal/GenPurReg/GenPurReg.srcs/sources_1/new/topProcessor.v:91]
WARNING: [VRFC 10-3091] actual bit length 1 differs from formal bit length 6 for port 'from_selector' [E:/Acedemic/sem 5/fpga project/Processor_Design_Project/Processor_Vivado/Contributors/Shamal/GenPurReg/GenPurReg.srcs/sources_1/new/topProcessor.v:99]
WARNING: [VRFC 10-3091] actual bit length 6 differs from formal bit length 5 for port 'from_selector' [E:/Acedemic/sem 5/fpga project/Processor_Design_Project/Processor_Vivado/Contributors/Shamal/GenPurReg/GenPurReg.srcs/sources_1/new/topProcessor.v:120]
WARNING: [VRFC 10-3091] actual bit length 6 differs from formal bit length 5 for port 'from_cu' [E:/Acedemic/sem 5/fpga project/Processor_Design_Project/Processor_Vivado/Contributors/Shamal/GenPurReg/GenPurReg.srcs/sources_1/new/topProcessor.v:121]
WARNING: [VRFC 10-3091] actual bit length 16 differs from formal bit length 8 for port 'instruction' [E:/Acedemic/sem 5/fpga project/Processor_Design_Project/Processor_Vivado/Contributors/Shamal/GenPurReg/GenPurReg.srcs/sources_1/new/topProcessor.v:142]
WARNING: [VRFC 10-3091] actual bit length 6 differs from formal bit length 5 for port 'to_BUS' [E:/Acedemic/sem 5/fpga project/Processor_Design_Project/Processor_Vivado/Contributors/Shamal/GenPurReg/GenPurReg.srcs/sources_1/new/topProcessor.v:147]
WARNING: [VRFC 10-3091] actual bit length 1 differs from formal bit length 6 for port 'toDecoder' [E:/Acedemic/sem 5/fpga project/Processor_Design_Project/Processor_Vivado/Contributors/Shamal/GenPurReg/GenPurReg.srcs/sources_1/new/topProcessor.v:159]
WARNING: [VRFC 10-3091] actual bit length 6 differs from formal bit length 5 for port 'toBus' [E:/Acedemic/sem 5/fpga project/Processor_Design_Project/Processor_Vivado/Contributors/Shamal/GenPurReg/GenPurReg.srcs/sources_1/new/topProcessor.v:160]
WARNING: [VRFC 10-3091] actual bit length 1 differs from formal bit length 16 for port 'data_out_iref' [E:/Acedemic/sem 5/fpga project/Processor_Design_Project/Processor_Vivado/Contributors/Shamal/GenPurReg/GenPurReg.srcs/sources_1/new/topProcessor.v:67]
WARNING: [VRFC 10-3091] actual bit length 1 differs from formal bit length 16 for port 'data_out_iref' [E:/Acedemic/sem 5/fpga project/Processor_Design_Project/Processor_Vivado/Contributors/Shamal/GenPurReg/GenPurReg.srcs/sources_1/new/topProcessor.v:70]
WARNING: [VRFC 10-3091] actual bit length 1 differs from formal bit length 16 for port 'X_Ref' [E:/Acedemic/sem 5/fpga project/Processor_Design_Project/Processor_Vivado/Contributors/Shamal/GenPurReg/GenPurReg.srcs/sources_1/new/topProcessor.v:81]
Completed static elaboration
Starting simulation data flow analysis
Completed simulation data flow analysis
Time Resolution for simulation is 1ps
Compiling module xil_defaultlib.Genaral_Purpose_Register
Compiling module xil_defaultlib.PC
Compiling module xil_defaultlib.mddr
Compiling module xil_defaultlib.Reg_X
Compiling module xil_defaultlib.Mat_X
Compiling module xil_defaultlib.main_alu
Compiling module xil_defaultlib.ac
Compiling module xil_defaultlib.decoder
Compiling module xil_defaultlib.BUS
Compiling module xil_defaultlib.CU
Compiling module xil_defaultlib.regSelect
Compiling module xil_defaultlib.topProcessor
Compiling module xil_defaultlib.topProTb
Compiling module xil_defaultlib.glbl
Built simulation snapshot topProTb_behav
