Vivado Simulator 2019.1
Time resolution is 1 ps
address0:-    57, mem_data_in0:-   517
address1:-    58, mem_data_in1:-   661
address2:-    59, mem_data_in2:-   681
address3:-    60, mem_data_in3:-   554
address0:-    58, mem_data_in0:-   661
address1:-    59, mem_data_in1:-   681
address2:-    60, mem_data_in2:-   554
address3:-    61, mem_data_in3:-   575
address0:-    59, mem_data_in0:-   681
address1:-    60, mem_data_in1:-   554
address2:-    61, mem_data_in2:-   575
address3:-    62, mem_data_in3:-   839
address0:-    60, mem_data_in0:-   554
address1:-    61, mem_data_in1:-   575
address2:-    62, mem_data_in2:-   839
address3:-    63, mem_data_in3:-   741
address0:-    61, mem_data_in0:-   575
address1:-    62, mem_data_in1:-   839
address2:-    63, mem_data_in2:-   741
address3:-    64, mem_data_in3:-   794
address0:-    62, mem_data_in0:-   839
address1:-    63, mem_data_in1:-   741
address2:-    64, mem_data_in2:-   794
address3:-    65, mem_data_in3:-   588
address0:-    63, mem_data_in0:-   741
address1:-    64, mem_data_in1:-   794
address2:-    65, mem_data_in2:-   588
address3:-    66, mem_data_in3:-   604
address0:-    64, mem_data_in0:-   794
address1:-    65, mem_data_in1:-   588
address2:-    66, mem_data_in2:-   604
address3:-    67, mem_data_in3:-   300
address0:-    65, mem_data_in0:-   588
address1:-    66, mem_data_in1:-   604
address2:-    67, mem_data_in2:-   300
address3:-    68, mem_data_in3:-   328
address0:-    66, mem_data_in0:-   604
address1:-    67, mem_data_in1:-   300
address2:-    68, mem_data_in2:-   328
address3:-    69, mem_data_in3:-   580
address0:-    67, mem_data_in0:-   300
address1:-    68, mem_data_in1:-   328
address2:-    69, mem_data_in2:-   580
address3:-    70, mem_data_in3:-   469
address0:-    68, mem_data_in0:-   328
address1:-    69, mem_data_in1:-   580
address2:-    70, mem_data_in2:-   469
address3:-    71, mem_data_in3:-   389
address0:-    69, mem_data_in0:-   580
address1:-    70, mem_data_in1:-   469
address2:-    71, mem_data_in2:-   389
address3:-    72, mem_data_in3:-   471
address0:-    70, mem_data_in0:-   469
address1:-    71, mem_data_in1:-   389
address2:-    72, mem_data_in2:-   471
address3:-    73, mem_data_in3:-   352
address0:-    71, mem_data_in0:-   389
address1:-    72, mem_data_in1:-   471
address2:-    73, mem_data_in2:-   352
address3:-    74, mem_data_in3:-   414
address0:-    72, mem_data_in0:-   471
address1:-    73, mem_data_in1:-   352
address2:-    74, mem_data_in2:-   414
address3:-    75, mem_data_in3:-   287
address0:-    73, mem_data_in0:-   352
address1:-    74, mem_data_in1:-   414
address2:-    75, mem_data_in2:-   287
address3:-    76, mem_data_in3:-   289
address0:-    74, mem_data_in0:-   414
address1:-    75, mem_data_in1:-   287
address2:-    76, mem_data_in2:-   289
address3:-    77, mem_data_in3:-   433
address0:-    75, mem_data_in0:-   287
address1:-    76, mem_data_in1:-   289
address2:-    77, mem_data_in2:-   433
address3:-    78, mem_data_in3:-   585
address0:-    76, mem_data_in0:-   289
address1:-    77, mem_data_in1:-   433
address2:-    78, mem_data_in2:-   585
address3:-    79, mem_data_in3:-   640
address0:-    77, mem_data_in0:-   433
address1:-    78, mem_data_in1:-   585
address2:-    79, mem_data_in2:-   640
address3:-    80, mem_data_in3:-   535
address0:-    78, mem_data_in0:-   585
address1:-    79, mem_data_in1:-   640
address2:-    80, mem_data_in2:-   535
address3:-    81, mem_data_in3:-   511
finish
address0:-    79, mem_data_in0:-   640
address1:-    80, mem_data_in1:-   535
address2:-    81, mem_data_in2:-   511
finish
address0:-    80, mem_data_in0:-   535
address1:-    81, mem_data_in1:-   511
finish
address0:-    81, mem_data_in0:-   511
finish
$stop called at time : 110910 ns : File "E:/Acedemic/sem 5/Processor_Design_Project/Processor_Vivado/Contributors/Shamal/GenPurReg/GenPurReg.srcs/sources_1/new/PROCESSOR_TB.v" Line 32
